
running 13 tests
test s_exp_parser::test_ascends ... ok
test s_exp_parser::test_merge_into_exp ... ok
test router::test_pcb_load ... FAILED
test s_exp_parser::test_parse ... ok
test s_exp_parser::test_is_trivial ... ok
test s_exp_parser::test_get_closing_delim ... ok
test s_exp_parser::test_descends ... ok
test s_exp_parser::test_remove_trivial ... ok
test s_exp_parser::test_turn_to_value ... ok
test s_exp_parser::test_value_as_string ... ok
test s_exp_parser::test_print ... ok
test s_exp_parser::test_sexpr_get ... ok
test router::test_get_general ... FAILED

failures:

---- router::test_pcb_load stdout ----
thread 'router::test_pcb_load' panicked at 'not implemented', src/router.rs:171:5
note: run with `RUST_BACKTRACE=1` environment variable to display a backtrace

---- router::test_get_general stdout ----
thread 'router::test_get_general' panicked at 'SExpr { content: [That(SExpr { content: [This(String("thickness")), This(Float(1.6))] })] }', src/router.rs:128:9


failures:
    router::test_get_general
    router::test_pcb_load

test result: FAILED. 11 passed; 2 failed; 0 ignored; 0 measured; 0 filtered out; finished in 0.01s

